Using pre-set license
Built from '2020.3/release' branch; Version is '2020.3.7f1 (dd97f2c94397) revision 14522354'; Using compiler version '192528614'; Build Type 'Release'
OS: 'Windows 10 Home; OS build 19042.928; Version 2009; 64bit' Language: 'en' Physical Memory: 8034 MB
BatchMode: 1, IsHumanControllingUs: 0, StartBugReporterOnCrash: 0, Is64bit: 1, IsPro: 0

 COMMAND LINE ARGUMENTS:
C:\Program Files\Unity\Hub\Editor\2020.3.7f1\Editor\Unity.exe
-adb2
-batchMode
-noUpm
-name
AssetImportWorker0
-projectPath
C:/Users/teopa/Documents/TentaTeam/Mystery Of Lodenberg/Game/Mystery Of Lodenberg/Mystery of Londenberg
-logFile
Logs/AssetImportWorker0.log
-srvPort
56407
Successfully changed project path to: C:/Users/teopa/Documents/TentaTeam/Mystery Of Lodenberg/Game/Mystery Of Lodenberg/Mystery of Londenberg
C:/Users/teopa/Documents/TentaTeam/Mystery Of Lodenberg/Game/Mystery Of Lodenberg/Mystery of Londenberg
Using Asset Import Pipeline V2.
Refreshing native plugins compatible for Editor in 273.64 ms, found 1 plugins.
Preloading 0 native plugins for Editor in 0.00 ms.
Initialize engine version: 2020.3.7f1 (dd97f2c94397)
[Subsystems] Discovering subsystems at path C:/Program Files/Unity/Hub/Editor/2020.3.7f1/Editor/Data/Resources/UnitySubsystems
[Subsystems] Discovering subsystems at path C:/Users/teopa/Documents/TentaTeam/Mystery Of Lodenberg/Game/Mystery Of Lodenberg/Mystery of Londenberg/Assets
GfxDevice: creating device client; threaded=0
Direct3D:
    Version:  Direct3D 11.0 [level 11.1]
    Renderer: NVIDIA GeForce GTX 1050 Ti (ID=0x1c8c)
    Vendor:   
    VRAM:     4018 MB
    Driver:   27.21.14.6589
Initialize mono
Mono path[0] = 'C:/Program Files/Unity/Hub/Editor/2020.3.7f1/Editor/Data/Managed'
Mono path[1] = 'C:/Program Files/Unity/Hub/Editor/2020.3.7f1/Editor/Data/MonoBleedingEdge/lib/mono/unityjit'
Mono config path = 'C:/Program Files/Unity/Hub/Editor/2020.3.7f1/Editor/Data/MonoBleedingEdge/etc'
Using monoOptions --debugger-agent=transport=dt_socket,embedding=1,server=y,suspend=n,address=127.0.0.1:56880
Begin MonoManager ReloadAssembly
Registering precompiled unity dll's ...
Register platform support module: C:/Program Files/Unity/Hub/Editor/2020.3.7f1/Editor/Data/PlaybackEngines/WindowsStandaloneSupport/UnityEditor.WindowsStandalone.Extensions.dll
Registered in 0.002445 seconds.
Native extension for WindowsStandalone target not found
Refreshing native plugins compatible for Editor in 35.19 ms, found 1 plugins.
Preloading 0 native plugins for Editor in 0.00 ms.
Mono: successfully reloaded assembly
- Completed reload, in  1.078 seconds
Platform modules already initialized, skipping
Registering precompiled user dll's ...
Registered in 0.001072 seconds.
Begin MonoManager ReloadAssembly
Native extension for WindowsStandalone target not found
Refreshing native plugins compatible for Editor in 33.50 ms, found 1 plugins.
Preloading 0 native plugins for Editor in 0.00 ms.
Mono: successfully reloaded assembly
- Completed reload, in  0.913 seconds
Platform modules already initialized, skipping
========================================================================
Worker process is ready to serve import requests
Launched and connected shader compiler UnityShaderCompiler.exe after 0.07 seconds
Refreshing native plugins compatible for Editor in 0.41 ms, found 1 plugins.
Preloading 0 native plugins for Editor in 0.00 ms.
Unloading 1811 Unused Serialized files (Serialized files now loaded: 0)
System memory in use before: 85.6 MB.
System memory in use after: 85.6 MB.

Unloading 19 unused Assets to reduce memory usage. Loaded Objects now: 2259.
Total: 2.460900 ms (FindLiveObjects: 0.262800 ms CreateObjectMapping: 0.140700 ms MarkObjects: 1.957300 ms  DeleteObjects: 0.099200 ms)

========================================================================
Received Import Request.
  path: Assets/Scripts/DialogueManager.cs
  artifactKey: Guid(62eec1349c2af5e41b25e66f01436bdb) Importer(815301076,1909f56bfc062723c751e8b465ee728b)
Start importing Assets/Scripts/DialogueManager.cs using Guid(62eec1349c2af5e41b25e66f01436bdb) Importer(815301076,1909f56bfc062723c751e8b465ee728b)  -> (artifact id: '4f582f010572794ae4e12851fd2f0034') in 0.172452 seconds
  Import took 0.207444 seconds .

========================================================================
Received Import Request.
  Time since last request: 528.524557 seconds.
  path: Assets/Scripts/DialogueManager.cs
  artifactKey: Guid(62eec1349c2af5e41b25e66f01436bdb) Importer(815301076,1909f56bfc062723c751e8b465ee728b)
Start importing Assets/Scripts/DialogueManager.cs using Guid(62eec1349c2af5e41b25e66f01436bdb) Importer(815301076,1909f56bfc062723c751e8b465ee728b)  -> (artifact id: '4d1750a7e7cb5c36cc8be7f8f3ce9d4e') in 0.003331 seconds
  Import took 0.016797 seconds .

========================================================================
Received Import Request.
  Time since last request: 14.232672 seconds.
  path: Assets/Scripts/DialogueType.cs
  artifactKey: Guid(dfb4cbba1a29b1c4dade123815ce16b7) Importer(815301076,1909f56bfc062723c751e8b465ee728b)
Start importing Assets/Scripts/DialogueType.cs using Guid(dfb4cbba1a29b1c4dade123815ce16b7) Importer(815301076,1909f56bfc062723c751e8b465ee728b)  -> (artifact id: 'e98899a7287ce4ef1934166d7c9857db') in 0.008564 seconds
  Import took 0.054818 seconds .

========================================================================
Received Import Request.
  Time since last request: 45.364010 seconds.
  path: Assets/Scripts/DialogueType.cs
  artifactKey: Guid(dfb4cbba1a29b1c4dade123815ce16b7) Importer(815301076,1909f56bfc062723c751e8b465ee728b)
Start importing Assets/Scripts/DialogueType.cs using Guid(dfb4cbba1a29b1c4dade123815ce16b7) Importer(815301076,1909f56bfc062723c751e8b465ee728b)  -> (artifact id: 'dccdf92d49474f6b9b4f9de03bc274dd') in 0.005409 seconds
  Import took 0.009034 seconds .

========================================================================
Received Prepare
Registering precompiled user dll's ...
Registered in 0.027306 seconds.
Begin MonoManager ReloadAssembly
Native extension for WindowsStandalone target not found
Refreshing native plugins compatible for Editor in 0.33 ms, found 1 plugins.
Preloading 0 native plugins for Editor in 0.00 ms.
Mono: successfully reloaded assembly
- Completed reload, in  0.809 seconds
Platform modules already initialized, skipping
Refreshing native plugins compatible for Editor in 0.40 ms, found 1 plugins.
Preloading 0 native plugins for Editor in 0.00 ms.
Unloading 1802 Unused Serialized files (Serialized files now loaded: 0)
System memory in use before: 85.0 MB.
System memory in use after: 85.2 MB.

Unloading 7 unused Assets to reduce memory usage. Loaded Objects now: 2264.
Total: 2.250100 ms (FindLiveObjects: 0.215900 ms CreateObjectMapping: 0.086500 ms MarkObjects: 1.927600 ms  DeleteObjects: 0.018800 ms)

========================================================================
Received Import Request.
  Time since last request: 95.126666 seconds.
  path: Assets/Scripts/DialogueType.cs
  artifactKey: Guid(dfb4cbba1a29b1c4dade123815ce16b7) Importer(815301076,1909f56bfc062723c751e8b465ee728b)
Start importing Assets/Scripts/DialogueType.cs using Guid(dfb4cbba1a29b1c4dade123815ce16b7) Importer(815301076,1909f56bfc062723c751e8b465ee728b)  -> (artifact id: 'b86bf23203553610ac14ab8fb716ac2e') in 0.004906 seconds
  Import took 0.027893 seconds .

========================================================================
Received Import Request.
  Time since last request: 18.171495 seconds.
  path: ProjectSettings/TagManager.asset
  artifactKey: Guid(00000000000000003000000000000000) Importer(815301076,1909f56bfc062723c751e8b465ee728b)
Start importing ProjectSettings/TagManager.asset using Guid(00000000000000003000000000000000) Importer(815301076,1909f56bfc062723c751e8b465ee728b)  -> (artifact id: '3be35322f6257a9f44561c54a47ec410') in 0.060471 seconds
  Import took 0.090680 seconds .

========================================================================
Received Import Request.
  Time since last request: 830.505806 seconds.
  path: Assets/Fonts
  artifactKey: Guid(7837e0e0928fc6f4d842fcd9b1d0db81) Importer(815301076,1909f56bfc062723c751e8b465ee728b)
Start importing Assets/Fonts using Guid(7837e0e0928fc6f4d842fcd9b1d0db81) Importer(815301076,1909f56bfc062723c751e8b465ee728b)  -> (artifact id: '0856b590ec6b60a367fa07b084245c5a') in 0.016333 seconds
  Import took 0.042884 seconds .

========================================================================
Received Import Request.
  Time since last request: 0.086829 seconds.
  path: Assets/Fonts/dogicapixel.ttf
  artifactKey: Guid(ce444f81fb6a5fa4d83a742b54d4a5b6) Importer(815301076,1909f56bfc062723c751e8b465ee728b)
Start importing Assets/Fonts/dogicapixel.ttf using Guid(ce444f81fb6a5fa4d83a742b54d4a5b6) Importer(815301076,1909f56bfc062723c751e8b465ee728b)  -> (artifact id: '65526b3bccc84db43ff6c0d84580c724') in 1.482474 seconds
  Import took 1.506683 seconds .

========================================================================
Received Import Request.
  Time since last request: 1059.726924 seconds.
  path: Assets/FontsAndBackgrounds/Dialogue_Bg.png
  artifactKey: Guid(b9d278df99a1d144898f05e09fbe7d83) Importer(815301076,1909f56bfc062723c751e8b465ee728b)
Start importing Assets/FontsAndBackgrounds/Dialogue_Bg.png using Guid(b9d278df99a1d144898f05e09fbe7d83) Importer(815301076,1909f56bfc062723c751e8b465ee728b)  -> (artifact id: '040bc7677052ddefc1eeea97279741d4') in 0.210929 seconds
  Import took 0.225111 seconds .

========================================================================
Received Import Request.
  Time since last request: 243.670568 seconds.
  path: Assets/FontsAndBackgrounds
  artifactKey: Guid(327d4af2e189abc4fb01b1fdc4e08058) Importer(815301076,1909f56bfc062723c751e8b465ee728b)
Start importing Assets/FontsAndBackgrounds using Guid(327d4af2e189abc4fb01b1fdc4e08058) Importer(815301076,1909f56bfc062723c751e8b465ee728b)  -> (artifact id: '1dc69cfb4115a308328e2dc3002f0d79') in 0.021766 seconds
  Import took 0.071629 seconds .

========================================================================
Received Import Request.
  Time since last request: 380.692617 seconds.
  path: Assets/Sprites/Animations/Dialogue/Dialogue.controller
  artifactKey: Guid(f5b9ca0a26d714f49976cde6ae7ab8e2) Importer(815301076,1909f56bfc062723c751e8b465ee728b)
Start importing Assets/Sprites/Animations/Dialogue/Dialogue.controller using Guid(f5b9ca0a26d714f49976cde6ae7ab8e2) Importer(815301076,1909f56bfc062723c751e8b465ee728b)  -> (artifact id: '5ab1308336ef4abd21ea25f992c75235') in 0.040196 seconds
  Import took 0.074635 seconds .

========================================================================
Received Prepare
Registering precompiled user dll's ...
Registered in 0.001067 seconds.
Begin MonoManager ReloadAssembly
Native extension for WindowsStandalone target not found
Refreshing native plugins compatible for Editor in 0.35 ms, found 1 plugins.
Preloading 0 native plugins for Editor in 0.00 ms.
Mono: successfully reloaded assembly
- Completed reload, in  0.862 seconds
Platform modules already initialized, skipping
Refreshing native plugins compatible for Editor in 0.65 ms, found 1 plugins.
Preloading 0 native plugins for Editor in 0.00 ms.
Unloading 1802 Unused Serialized files (Serialized files now loaded: 0)
System memory in use before: 88.5 MB.
System memory in use after: 88.6 MB.

Unloading 8 unused Assets to reduce memory usage. Loaded Objects now: 2315.
Total: 5.182500 ms (FindLiveObjects: 0.612300 ms CreateObjectMapping: 0.824000 ms MarkObjects: 3.710500 ms  DeleteObjects: 0.032000 ms)

