Using pre-set license
Built from '2020.3/release' branch; Version is '2020.3.7f1 (dd97f2c94397) revision 14522354'; Using compiler version '192528614'; Build Type 'Release'
OS: 'Windows 10 Home; OS build 19042.985; Version 2009; 64bit' Language: 'en' Physical Memory: 8034 MB
BatchMode: 1, IsHumanControllingUs: 0, StartBugReporterOnCrash: 0, Is64bit: 1, IsPro: 0

 COMMAND LINE ARGUMENTS:
C:\Program Files\Unity\Hub\Editor\2020.3.7f1\Editor\Unity.exe
-adb2
-batchMode
-noUpm
-name
AssetImportWorker1
-projectPath
C:/Users/teopa/Documents/TentaTeam/Mystery Of Lodenberg/Game/Mystery Of Lodenberg/Mystery of Londenberg
-logFile
Logs/AssetImportWorker1.log
-srvPort
52259
Successfully changed project path to: C:/Users/teopa/Documents/TentaTeam/Mystery Of Lodenberg/Game/Mystery Of Lodenberg/Mystery of Londenberg
C:/Users/teopa/Documents/TentaTeam/Mystery Of Lodenberg/Game/Mystery Of Lodenberg/Mystery of Londenberg
Using Asset Import Pipeline V2.
Default GameObject Tag: Dialogue already registered

Refreshing native plugins compatible for Editor in 163.84 ms, found 1 plugins.
Preloading 0 native plugins for Editor in 0.00 ms.
Initialize engine version: 2020.3.7f1 (dd97f2c94397)
[Subsystems] Discovering subsystems at path C:/Program Files/Unity/Hub/Editor/2020.3.7f1/Editor/Data/Resources/UnitySubsystems
[Subsystems] Discovering subsystems at path C:/Users/teopa/Documents/TentaTeam/Mystery Of Lodenberg/Game/Mystery Of Lodenberg/Mystery of Londenberg/Assets
GfxDevice: creating device client; threaded=0
Direct3D:
    Version:  Direct3D 11.0 [level 11.1]
    Renderer: NVIDIA GeForce GTX 1050 Ti (ID=0x1c8c)
    Vendor:   
    VRAM:     4018 MB
    Driver:   27.21.14.6589
Initialize mono
Mono path[0] = 'C:/Program Files/Unity/Hub/Editor/2020.3.7f1/Editor/Data/Managed'
Mono path[1] = 'C:/Program Files/Unity/Hub/Editor/2020.3.7f1/Editor/Data/MonoBleedingEdge/lib/mono/unityjit'
Mono config path = 'C:/Program Files/Unity/Hub/Editor/2020.3.7f1/Editor/Data/MonoBleedingEdge/etc'
Using monoOptions --debugger-agent=transport=dt_socket,embedding=1,server=y,suspend=n,address=127.0.0.1:56552
Begin MonoManager ReloadAssembly
Registering precompiled unity dll's ...
Register platform support module: C:/Program Files/Unity/Hub/Editor/2020.3.7f1/Editor/Data/PlaybackEngines/WindowsStandaloneSupport/UnityEditor.WindowsStandalone.Extensions.dll
Registered in 0.002966 seconds.
Native extension for WindowsStandalone target not found
Refreshing native plugins compatible for Editor in 106.61 ms, found 1 plugins.
Preloading 0 native plugins for Editor in 0.00 ms.
Mono: successfully reloaded assembly
- Completed reload, in  1.448 seconds
Platform modules already initialized, skipping
Registering precompiled user dll's ...
Registered in 0.001822 seconds.
Begin MonoManager ReloadAssembly
Native extension for WindowsStandalone target not found
Refreshing native plugins compatible for Editor in 103.32 ms, found 1 plugins.
Preloading 0 native plugins for Editor in 0.00 ms.
Mono: successfully reloaded assembly
- Completed reload, in  8.433 seconds
Platform modules already initialized, skipping
========================================================================
Worker process is ready to serve import requests
Default GameObject Tag: Dialogue already registered

Launched and connected shader compiler UnityShaderCompiler.exe after 0.54 seconds
Refreshing native plugins compatible for Editor in 2.07 ms, found 1 plugins.
Preloading 0 native plugins for Editor in 0.00 ms.
Unloading 1818 Unused Serialized files (Serialized files now loaded: 0)
System memory in use before: 92.7 MB.
System memory in use after: 92.7 MB.

Unloading 19 unused Assets to reduce memory usage. Loaded Objects now: 2267.
Total: 2.195800 ms (FindLiveObjects: 0.250900 ms CreateObjectMapping: 0.145600 ms MarkObjects: 1.736200 ms  DeleteObjects: 0.061800 ms)

========================================================================
Received Import Request.
  path: Assets/Scripts/Pickup.cs
  artifactKey: Guid(0b2ae2c87a2ad9c4da8b1cf476b034a4) Importer(815301076,1909f56bfc062723c751e8b465ee728b)
Start importing Assets/Scripts/Pickup.cs using Guid(0b2ae2c87a2ad9c4da8b1cf476b034a4) Importer(815301076,1909f56bfc062723c751e8b465ee728b)  -> (artifact id: '2dec1b62f14c5493191725f0db056857') in 0.631458 seconds
  Import took 0.684790 seconds .

========================================================================
Received Import Request.
  Time since last request: 321.551293 seconds.
  path: Assets/Scripts/Player.cs
  artifactKey: Guid(8bd5547f3dc218e46a2653a2768f3e6a) Importer(815301076,1909f56bfc062723c751e8b465ee728b)
Start importing Assets/Scripts/Player.cs using Guid(8bd5547f3dc218e46a2653a2768f3e6a) Importer(815301076,1909f56bfc062723c751e8b465ee728b)  -> (artifact id: 'acd85cbfe55c621fc11b3beb1a4316f0') in 0.010107 seconds
  Import took 0.055338 seconds .

========================================================================
Received Import Request.
  Time since last request: 22.755971 seconds.
  path: Assets/Scripts/ItemDescription.cs
  artifactKey: Guid(b0a389d2fe46b7241bf6ccb4cd197d41) Importer(815301076,1909f56bfc062723c751e8b465ee728b)
Start importing Assets/Scripts/ItemDescription.cs using Guid(b0a389d2fe46b7241bf6ccb4cd197d41) Importer(815301076,1909f56bfc062723c751e8b465ee728b)  -> (artifact id: '0f61989a5fe60d155ff8a36b08b5d892') in 0.011706 seconds
  Import took 0.065743 seconds .

========================================================================
Received Prepare
Default GameObject Tag: Dialogue already registered

Registering precompiled user dll's ...
Registered in 0.009421 seconds.
Begin MonoManager ReloadAssembly
Native extension for WindowsStandalone target not found
Refreshing native plugins compatible for Editor in 3.48 ms, found 1 plugins.
Preloading 0 native plugins for Editor in 0.00 ms.
Mono: successfully reloaded assembly
- Completed reload, in  2.633 seconds
Platform modules already initialized, skipping
Refreshing native plugins compatible for Editor in 3.42 ms, found 1 plugins.
Preloading 0 native plugins for Editor in 0.00 ms.
Unloading 1808 Unused Serialized files (Serialized files now loaded: 0)
System memory in use before: 92.1 MB.
System memory in use after: 92.2 MB.

Unloading 7 unused Assets to reduce memory usage. Loaded Objects now: 2271.
Total: 7.737600 ms (FindLiveObjects: 1.287600 ms CreateObjectMapping: 0.128500 ms MarkObjects: 6.287700 ms  DeleteObjects: 0.028400 ms)

========================================================================
Received Import Request.
  Time since last request: 36.083414 seconds.
  path: Assets/Scripts/InteractableItem.cs
  artifactKey: Guid(3c6d42593dd3a174c9b143f4c3b517d0) Importer(815301076,1909f56bfc062723c751e8b465ee728b)
Start importing Assets/Scripts/InteractableItem.cs using Guid(3c6d42593dd3a174c9b143f4c3b517d0) Importer(815301076,1909f56bfc062723c751e8b465ee728b)  -> (artifact id: '733be6e444d5d55d64a9d1a608203ccc') in 0.013672 seconds
  Import took 0.051036 seconds .

========================================================================
Received Prepare
Default GameObject Tag: Dialogue already registered

Registering precompiled user dll's ...
Registered in 0.002584 seconds.
Begin MonoManager ReloadAssembly
Native extension for WindowsStandalone target not found
Refreshing native plugins compatible for Editor in 1.58 ms, found 1 plugins.
Preloading 0 native plugins for Editor in 0.00 ms.
Mono: successfully reloaded assembly
- Completed reload, in  3.309 seconds
Platform modules already initialized, skipping
Refreshing native plugins compatible for Editor in 4.26 ms, found 1 plugins.
Preloading 0 native plugins for Editor in 0.00 ms.
Unloading 1808 Unused Serialized files (Serialized files now loaded: 0)
System memory in use before: 92.2 MB.
System memory in use after: 92.3 MB.

Unloading 7 unused Assets to reduce memory usage. Loaded Objects now: 2275.
Total: 8.210900 ms (FindLiveObjects: 2.193900 ms CreateObjectMapping: 0.371200 ms MarkObjects: 5.623100 ms  DeleteObjects: 0.020400 ms)

========================================================================
Received Prepare
Default GameObject Tag: Dialogue already registered

Registering precompiled user dll's ...
Registered in 0.002137 seconds.
Begin MonoManager ReloadAssembly
Native extension for WindowsStandalone target not found
Refreshing native plugins compatible for Editor in 3.39 ms, found 1 plugins.
Preloading 0 native plugins for Editor in 0.00 ms.
Mono: successfully reloaded assembly
- Completed reload, in  2.037 seconds
Platform modules already initialized, skipping
Refreshing native plugins compatible for Editor in 2.82 ms, found 1 plugins.
Preloading 0 native plugins for Editor in 0.00 ms.
Unloading 1808 Unused Serialized files (Serialized files now loaded: 0)
System memory in use before: 92.2 MB.
System memory in use after: 92.3 MB.

Unloading 7 unused Assets to reduce memory usage. Loaded Objects now: 2279.
Total: 3.665400 ms (FindLiveObjects: 0.353000 ms CreateObjectMapping: 0.162300 ms MarkObjects: 3.116900 ms  DeleteObjects: 0.029800 ms)

========================================================================
Received Prepare
Default GameObject Tag: Dialogue already registered

Registering precompiled user dll's ...
Registered in 0.002384 seconds.
Begin MonoManager ReloadAssembly
Native extension for WindowsStandalone target not found
Refreshing native plugins compatible for Editor in 1.44 ms, found 1 plugins.
Preloading 0 native plugins for Editor in 0.00 ms.
Mono: successfully reloaded assembly
- Completed reload, in  1.505 seconds
Platform modules already initialized, skipping
Refreshing native plugins compatible for Editor in 1.54 ms, found 1 plugins.
Preloading 0 native plugins for Editor in 0.00 ms.
Unloading 1808 Unused Serialized files (Serialized files now loaded: 0)
System memory in use before: 92.2 MB.
System memory in use after: 92.3 MB.

Unloading 7 unused Assets to reduce memory usage. Loaded Objects now: 2283.
Total: 2.826600 ms (FindLiveObjects: 0.260600 ms CreateObjectMapping: 0.315300 ms MarkObjects: 2.227500 ms  DeleteObjects: 0.021800 ms)

========================================================================
Received Prepare
Default GameObject Tag: Dialogue already registered

Registering precompiled user dll's ...
Registered in 0.003418 seconds.
Begin MonoManager ReloadAssembly
Native extension for WindowsStandalone target not found
Refreshing native plugins compatible for Editor in 1.12 ms, found 1 plugins.
Preloading 0 native plugins for Editor in 0.00 ms.
Mono: successfully reloaded assembly
- Completed reload, in  1.347 seconds
Platform modules already initialized, skipping
Refreshing native plugins compatible for Editor in 1.98 ms, found 1 plugins.
Preloading 0 native plugins for Editor in 0.00 ms.
Unloading 1808 Unused Serialized files (Serialized files now loaded: 0)
System memory in use before: 92.2 MB.
System memory in use after: 92.3 MB.

Unloading 7 unused Assets to reduce memory usage. Loaded Objects now: 2287.
Total: 3.363200 ms (FindLiveObjects: 0.252900 ms CreateObjectMapping: 0.082400 ms MarkObjects: 3.005100 ms  DeleteObjects: 0.020800 ms)

========================================================================
Received Prepare
Default GameObject Tag: Dialogue already registered

Registering precompiled user dll's ...
Registered in 0.001947 seconds.
Begin MonoManager ReloadAssembly
Native extension for WindowsStandalone target not found
Refreshing native plugins compatible for Editor in 2.35 ms, found 1 plugins.
Preloading 0 native plugins for Editor in 0.00 ms.
Mono: successfully reloaded assembly
- Completed reload, in  1.490 seconds
Platform modules already initialized, skipping
Refreshing native plugins compatible for Editor in 1.39 ms, found 1 plugins.
Preloading 0 native plugins for Editor in 0.00 ms.
Unloading 1808 Unused Serialized files (Serialized files now loaded: 0)
System memory in use before: 92.2 MB.
System memory in use after: 92.3 MB.

Unloading 7 unused Assets to reduce memory usage. Loaded Objects now: 2291.
Total: 3.051300 ms (FindLiveObjects: 0.270200 ms CreateObjectMapping: 0.086000 ms MarkObjects: 2.665200 ms  DeleteObjects: 0.027500 ms)

========================================================================
Received Prepare
Default GameObject Tag: Dialogue already registered

Registering precompiled user dll's ...
Registered in 0.002232 seconds.
Begin MonoManager ReloadAssembly
Native extension for WindowsStandalone target not found
Refreshing native plugins compatible for Editor in 1.52 ms, found 1 plugins.
Preloading 0 native plugins for Editor in 0.00 ms.
Mono: successfully reloaded assembly
- Completed reload, in  1.512 seconds
Platform modules already initialized, skipping
Refreshing native plugins compatible for Editor in 1.02 ms, found 1 plugins.
Preloading 0 native plugins for Editor in 0.00 ms.
Unloading 1808 Unused Serialized files (Serialized files now loaded: 0)
System memory in use before: 92.2 MB.
System memory in use after: 92.3 MB.

Unloading 7 unused Assets to reduce memory usage. Loaded Objects now: 2295.
Total: 6.214800 ms (FindLiveObjects: 0.428600 ms CreateObjectMapping: 0.316800 ms MarkObjects: 5.441300 ms  DeleteObjects: 0.025500 ms)

========================================================================
Received Prepare
Default GameObject Tag: Dialogue already registered

Registering precompiled user dll's ...
Registered in 0.002051 seconds.
Begin MonoManager ReloadAssembly
Native extension for WindowsStandalone target not found
Refreshing native plugins compatible for Editor in 1.40 ms, found 1 plugins.
Preloading 0 native plugins for Editor in 0.00 ms.
Mono: successfully reloaded assembly
- Completed reload, in  1.665 seconds
Platform modules already initialized, skipping
Refreshing native plugins compatible for Editor in 1.18 ms, found 1 plugins.
Preloading 0 native plugins for Editor in 0.00 ms.
Unloading 1808 Unused Serialized files (Serialized files now loaded: 0)
System memory in use before: 92.2 MB.
System memory in use after: 92.4 MB.

Unloading 7 unused Assets to reduce memory usage. Loaded Objects now: 2299.
Total: 3.038400 ms (FindLiveObjects: 0.438600 ms CreateObjectMapping: 0.142200 ms MarkObjects: 2.425600 ms  DeleteObjects: 0.029300 ms)

========================================================================
Received Import Request.
  Time since last request: 591.527380 seconds.
  path: Assets/Palettes/atlas_16x.png
  artifactKey: Guid(c1b4544963b060648a340e23d1910c1f) Importer(815301076,1909f56bfc062723c751e8b465ee728b)
Start importing Assets/Palettes/atlas_16x.png using Guid(c1b4544963b060648a340e23d1910c1f) Importer(815301076,1909f56bfc062723c751e8b465ee728b)  -> (artifact id: '0e32ada600b59da286f982c301ef8303') in 2.100016 seconds
  Import took 2.150341 seconds .

========================================================================
Received Prepare
Default GameObject Tag: Dialogue already registered

Registering precompiled user dll's ...
Registered in 0.002194 seconds.
Begin MonoManager ReloadAssembly
Native extension for WindowsStandalone target not found
Refreshing native plugins compatible for Editor in 2.93 ms, found 1 plugins.
Preloading 0 native plugins for Editor in 0.00 ms.
Mono: successfully reloaded assembly
- Completed reload, in  1.719 seconds
Platform modules already initialized, skipping
Refreshing native plugins compatible for Editor in 3.29 ms, found 1 plugins.
Preloading 0 native plugins for Editor in 0.00 ms.
Unloading 1808 Unused Serialized files (Serialized files now loaded: 0)
System memory in use before: 95.6 MB.
System memory in use after: 95.7 MB.

Unloading 7 unused Assets to reduce memory usage. Loaded Objects now: 2310.
Total: 2.637100 ms (FindLiveObjects: 0.361900 ms CreateObjectMapping: 0.134500 ms MarkObjects: 2.121600 ms  DeleteObjects: 0.017500 ms)

========================================================================
Received Prepare
Default GameObject Tag: Dialogue already registered

Registering precompiled user dll's ...
Registered in 0.002185 seconds.
Begin MonoManager ReloadAssembly
Native extension for WindowsStandalone target not found
Refreshing native plugins compatible for Editor in 3.72 ms, found 1 plugins.
Preloading 0 native plugins for Editor in 0.00 ms.
Mono: successfully reloaded assembly
- Completed reload, in  1.433 seconds
Platform modules already initialized, skipping
Refreshing native plugins compatible for Editor in 1.61 ms, found 1 plugins.
Preloading 0 native plugins for Editor in 0.00 ms.
Unloading 1808 Unused Serialized files (Serialized files now loaded: 0)
System memory in use before: 95.7 MB.
System memory in use after: 95.8 MB.

Unloading 7 unused Assets to reduce memory usage. Loaded Objects now: 2314.
Total: 2.324900 ms (FindLiveObjects: 0.233300 ms CreateObjectMapping: 0.079600 ms MarkObjects: 1.992900 ms  DeleteObjects: 0.017300 ms)

========================================================================
Received Prepare
Default GameObject Tag: Dialogue already registered

Registering precompiled user dll's ...
Registered in 0.005256 seconds.
Begin MonoManager ReloadAssembly
Native extension for WindowsStandalone target not found
Refreshing native plugins compatible for Editor in 1.19 ms, found 1 plugins.
Preloading 0 native plugins for Editor in 0.00 ms.
Mono: successfully reloaded assembly
- Completed reload, in  1.261 seconds
Platform modules already initialized, skipping
Refreshing native plugins compatible for Editor in 2.68 ms, found 1 plugins.
Preloading 0 native plugins for Editor in 0.00 ms.
Unloading 1808 Unused Serialized files (Serialized files now loaded: 0)
System memory in use before: 95.7 MB.
System memory in use after: 95.8 MB.

Unloading 7 unused Assets to reduce memory usage. Loaded Objects now: 2318.
Total: 2.387700 ms (FindLiveObjects: 0.245600 ms CreateObjectMapping: 0.109600 ms MarkObjects: 2.012600 ms  DeleteObjects: 0.017800 ms)

========================================================================
Received Import Request.
  Time since last request: 290.100338 seconds.
  path: Assets/Scripts/Pickup.cs
  artifactKey: Guid(0b2ae2c87a2ad9c4da8b1cf476b034a4) Importer(815301076,1909f56bfc062723c751e8b465ee728b)
Start importing Assets/Scripts/Pickup.cs using Guid(0b2ae2c87a2ad9c4da8b1cf476b034a4) Importer(815301076,1909f56bfc062723c751e8b465ee728b)  -> (artifact id: '8cbb1d1161f9164c067d1f593fb63f46') in 0.013476 seconds
  Import took 0.126965 seconds .

========================================================================
Received Import Request.
  Time since last request: 0.002835 seconds.
  path: Assets/Scripts/Pickup.cs
  artifactKey: Guid(0b2ae2c87a2ad9c4da8b1cf476b034a4) Importer(815301076,1909f56bfc062723c751e8b465ee728b)
Start importing Assets/Scripts/Pickup.cs using Guid(0b2ae2c87a2ad9c4da8b1cf476b034a4) Importer(815301076,1909f56bfc062723c751e8b465ee728b)  -> (artifact id: '8cbb1d1161f9164c067d1f593fb63f46') in 0.004087 seconds
  Import took 0.009599 seconds .

========================================================================
Received Prepare
Default GameObject Tag: Dialogue already registered

Registering precompiled user dll's ...
Registered in 0.003097 seconds.
Begin MonoManager ReloadAssembly
Native extension for WindowsStandalone target not found
Refreshing native plugins compatible for Editor in 2.92 ms, found 1 plugins.
Preloading 0 native plugins for Editor in 0.00 ms.
Mono: successfully reloaded assembly
- Completed reload, in  1.444 seconds
Platform modules already initialized, skipping
Refreshing native plugins compatible for Editor in 1.41 ms, found 1 plugins.
Preloading 0 native plugins for Editor in 0.00 ms.
Unloading 1808 Unused Serialized files (Serialized files now loaded: 0)
System memory in use before: 95.7 MB.
System memory in use after: 95.8 MB.

Unloading 7 unused Assets to reduce memory usage. Loaded Objects now: 2322.
Total: 4.138300 ms (FindLiveObjects: 0.605500 ms CreateObjectMapping: 0.137400 ms MarkObjects: 3.374600 ms  DeleteObjects: 0.018800 ms)

========================================================================
Received Import Request.
  Time since last request: 85.700712 seconds.
  path: Assets/Sprites/Animations/Dialogue/Dialogue.controller
  artifactKey: Guid(f5b9ca0a26d714f49976cde6ae7ab8e2) Importer(815301076,1909f56bfc062723c751e8b465ee728b)
Start importing Assets/Sprites/Animations/Dialogue/Dialogue.controller using Guid(f5b9ca0a26d714f49976cde6ae7ab8e2) Importer(815301076,1909f56bfc062723c751e8b465ee728b)  -> (artifact id: '82dc50910ac9f207682126ff7a037703') in 0.244491 seconds
  Import took 0.261605 seconds .

========================================================================
Received Prepare
Default GameObject Tag: Dialogue already registered

Registering precompiled user dll's ...
Registered in 0.002499 seconds.
Begin MonoManager ReloadAssembly
Native extension for WindowsStandalone target not found
Refreshing native plugins compatible for Editor in 1.39 ms, found 1 plugins.
Preloading 0 native plugins for Editor in 0.00 ms.
Mono: successfully reloaded assembly
- Completed reload, in  1.576 seconds
Platform modules already initialized, skipping
Refreshing native plugins compatible for Editor in 3.34 ms, found 1 plugins.
Preloading 0 native plugins for Editor in 0.00 ms.
Unloading 1808 Unused Serialized files (Serialized files now loaded: 0)
System memory in use before: 95.7 MB.
System memory in use after: 95.8 MB.

Unloading 7 unused Assets to reduce memory usage. Loaded Objects now: 2326.
Total: 5.736400 ms (FindLiveObjects: 0.664300 ms CreateObjectMapping: 0.979900 ms MarkObjects: 4.058600 ms  DeleteObjects: 0.027100 ms)

========================================================================
Received Prepare
Default GameObject Tag: Dialogue already registered

Registering precompiled user dll's ...
Registered in 0.001989 seconds.
Begin MonoManager ReloadAssembly
Native extension for WindowsStandalone target not found
Refreshing native plugins compatible for Editor in 2.61 ms, found 1 plugins.
Preloading 0 native plugins for Editor in 0.00 ms.
Mono: successfully reloaded assembly
- Completed reload, in  1.698 seconds
Platform modules already initialized, skipping
Refreshing native plugins compatible for Editor in 1.45 ms, found 1 plugins.
Preloading 0 native plugins for Editor in 0.00 ms.
Unloading 1808 Unused Serialized files (Serialized files now loaded: 0)
System memory in use before: 95.7 MB.
System memory in use after: 95.8 MB.

Unloading 7 unused Assets to reduce memory usage. Loaded Objects now: 2330.
Total: 3.516900 ms (FindLiveObjects: 1.017200 ms CreateObjectMapping: 0.241400 ms MarkObjects: 2.229600 ms  DeleteObjects: 0.026500 ms)

========================================================================
Received Import Request.
  Time since last request: 132.056380 seconds.
  path: Assets/Palettes/atlas_16x_0.asset
  artifactKey: Guid(2854cce31bb769f4283d6b0dcdce089f) Importer(815301076,1909f56bfc062723c751e8b465ee728b)
Start importing Assets/Palettes/atlas_16x_0.asset using Guid(2854cce31bb769f4283d6b0dcdce089f) Importer(815301076,1909f56bfc062723c751e8b465ee728b)  -> (artifact id: 'dba3661bc507d203b9997d62f4258dc3') in 0.215144 seconds
  Import took 0.258955 seconds .

========================================================================
Received Import Request.
  Time since last request: 0.000235 seconds.
  path: Assets/Palettes/atlas_16x_1.asset
  artifactKey: Guid(791a1268bdb1b4b44b91dae23e4c83f1) Importer(815301076,1909f56bfc062723c751e8b465ee728b)
Start importing Assets/Palettes/atlas_16x_1.asset using Guid(791a1268bdb1b4b44b91dae23e4c83f1) Importer(815301076,1909f56bfc062723c751e8b465ee728b)  -> (artifact id: '7e2aa790ccdd5eebcc41bfb690eed7de') in 0.026949 seconds
  Import took 0.045030 seconds .

========================================================================
Received Import Request.
  Time since last request: 0.000378 seconds.
  path: Assets/Palettes/atlas_16x_3.asset
  artifactKey: Guid(2bc2519d4d4c21741a12d336fdd10a14) Importer(815301076,1909f56bfc062723c751e8b465ee728b)
Start importing Assets/Palettes/atlas_16x_3.asset using Guid(2bc2519d4d4c21741a12d336fdd10a14) Importer(815301076,1909f56bfc062723c751e8b465ee728b)  -> (artifact id: '04658e8de210d20bae794900ddedbad7') in 0.021553 seconds
  Import took 0.064655 seconds .

========================================================================
Received Import Request.
  Time since last request: 0.000238 seconds.
  path: Assets/Palettes/atlas_16x_0.asset
  artifactKey: Guid(2854cce31bb769f4283d6b0dcdce089f) Importer(815301076,1909f56bfc062723c751e8b465ee728b)
Start importing Assets/Palettes/atlas_16x_0.asset using Guid(2854cce31bb769f4283d6b0dcdce089f) Importer(815301076,1909f56bfc062723c751e8b465ee728b)  -> (artifact id: 'dba3661bc507d203b9997d62f4258dc3') in 0.029062 seconds
  Import took 0.034895 seconds .

========================================================================
Received Import Request.
  Time since last request: 0.000444 seconds.
  path: Assets/Palettes/atlas_16x_2.asset
  artifactKey: Guid(2b8bab86b0197764392ca2d4125d15a4) Importer(815301076,1909f56bfc062723c751e8b465ee728b)
Start importing Assets/Palettes/atlas_16x_2.asset using Guid(2b8bab86b0197764392ca2d4125d15a4) Importer(815301076,1909f56bfc062723c751e8b465ee728b)  -> (artifact id: '54f7fcd0bc44a9059caa5c13cfab1701') in 0.075799 seconds
  Import took 0.123685 seconds .

========================================================================
Received Import Request.
  Time since last request: 0.004147 seconds.
  path: Assets/Palettes/atlas_16x_2.asset
  artifactKey: Guid(2b8bab86b0197764392ca2d4125d15a4) Importer(815301076,1909f56bfc062723c751e8b465ee728b)
Start importing Assets/Palettes/atlas_16x_2.asset using Guid(2b8bab86b0197764392ca2d4125d15a4) Importer(815301076,1909f56bfc062723c751e8b465ee728b)  -> (artifact id: '54f7fcd0bc44a9059caa5c13cfab1701') in 0.022849 seconds
  Import took 0.038287 seconds .

========================================================================
Received Prepare
Default GameObject Tag: Dialogue already registered

Registering precompiled user dll's ...
Registered in 0.001945 seconds.
Begin MonoManager ReloadAssembly
Native extension for WindowsStandalone target not found
Refreshing native plugins compatible for Editor in 2.27 ms, found 1 plugins.
Preloading 0 native plugins for Editor in 0.00 ms.
Mono: successfully reloaded assembly
- Completed reload, in  1.372 seconds
Platform modules already initialized, skipping
Refreshing native plugins compatible for Editor in 1.37 ms, found 1 plugins.
Preloading 0 native plugins for Editor in 0.00 ms.
Unloading 1808 Unused Serialized files (Serialized files now loaded: 0)
System memory in use before: 95.8 MB.
System memory in use after: 95.9 MB.

Unloading 7 unused Assets to reduce memory usage. Loaded Objects now: 2336.
Total: 2.945500 ms (FindLiveObjects: 0.323600 ms CreateObjectMapping: 0.119000 ms MarkObjects: 2.477700 ms  DeleteObjects: 0.023200 ms)

========================================================================
Received Prepare
Default GameObject Tag: Dialogue already registered

Registering precompiled user dll's ...
Registered in 0.004238 seconds.
Begin MonoManager ReloadAssembly
Native extension for WindowsStandalone target not found
Refreshing native plugins compatible for Editor in 1.79 ms, found 1 plugins.
Preloading 0 native plugins for Editor in 0.00 ms.
Mono: successfully reloaded assembly
- Completed reload, in  1.361 seconds
Platform modules already initialized, skipping
Refreshing native plugins compatible for Editor in 2.57 ms, found 1 plugins.
Preloading 0 native plugins for Editor in 0.00 ms.
Unloading 1808 Unused Serialized files (Serialized files now loaded: 0)
System memory in use before: 95.8 MB.
System memory in use after: 95.9 MB.

Unloading 7 unused Assets to reduce memory usage. Loaded Objects now: 2340.
Total: 2.801800 ms (FindLiveObjects: 0.399100 ms CreateObjectMapping: 0.128100 ms MarkObjects: 2.252100 ms  DeleteObjects: 0.020400 ms)

